2015-08-23 06:21:52 DEBUG - line: [2015-08-24 00:20:00, 104649, AUGUSTINE, 22, -2, 14.26, 13.31, 1.141, 11.87, 6.873, 5.892, 27.5975, 861.616, 856.8977] (FileDataWriter.java:41)
2015-08-23 06:21:52 DEBUG - line: [2015-08-24 00:21:00, 104650, AUGUSTINE, 22, -2, 14.25, 13.31, 1.175, 11.89, 7.117, 5.956, 27.61605, 861.6276, 856.9288] (FileDataWriter.java:41)
2015-08-23 06:21:52 DEBUG - line: [2015-08-24 00:22:00, 104651, AUGUSTINE, 22, -2, 14.26, 13.31, 1.162, 11.9, 7.035, 5.951, 27.59385, 861.6275, 856.968] (FileDataWriter.java:41)
2015-08-23 06:21:52 DEBUG - line: [2015-08-24 00:23:00, 104652, AUGUSTINE, 22, -2, 14.26, 13.32, 1.133, 11.91, 6.694, 5.928, 27.58914, 861.8357, 857.137] (FileDataWriter.java:41)
2015-08-23 06:21:52 DEBUG - line: [2015-08-24 00:24:00, 104653, AUGUSTINE, 22, -2, 14.26, 13.31, 1.143, 11.93, 6.412, 5.96, 27.61118, 861.7454, 857.0272] (FileDataWriter.java:41)
2015-08-23 06:21:52 DEBUG - line: [2015-08-24 00:25:00, 104654, AUGUSTINE, 22, -2, 14.25, 13.31, 1.175, 11.94, 6.143, 5.954, 27.60819, 861.6634, 856.9796] (FileDataWriter.java:41)
2015-08-23 06:21:52 DEBUG - line: [2015-08-24 00:26:00, 104655, AUGUSTINE, 22, -2, 14.24, 13.31, 1.152, 11.96, 5.999, 5.935, 27.59175, 861.7159, 856.9683] (FileDataWriter.java:41)
2015-08-23 06:21:52 DEBUG - line: [2015-08-24 00:27:00, 104656, AUGUSTINE, 22, -2, 14.23, 13.31, 1.141, 11.98, 6.391, 5.927, 27.60512, 861.5968, 856.8885] (FileDataWriter.java:41)
2015-08-23 06:21:52 DEBUG - line: [2015-08-24 00:28:00, 104657, AUGUSTINE, 22, -2, 14.24, 13.31, 1.168, 11.98, 6.725, 5.905, 27.61328, 861.766, 857.0185] (FileDataWriter.java:41)
2015-08-23 06:21:52 DEBUG - line: [2015-08-24 00:29:00, 104658, AUGUSTINE, 22, -2, 14.24, 13.31, 1.136, 12, 7.153, 5.93, 27.61137, 861.5494, 856.8459] (FileDataWriter.java:41)
2015-08-23 06:21:52 DEBUG - line: [2015-08-24 00:30:00, 104659, AUGUSTINE, 22, -2, 14.22, 13.31, 1.162, 12.02, 6.095, 5.936, 27.59837, 861.4846, 856.7174] (FileDataWriter.java:41)
2015-08-23 06:21:52 DEBUG - line: [2015-08-24 00:31:00, 104660, AUGUSTINE, 22, -2, 14.22, 13.31, 1.124, 12.02, 5.705, 5.941, 27.6019, 861.6157, 856.9564] (FileDataWriter.java:41)
2015-08-23 06:21:52 DEBUG - line: [2015-08-24 00:32:00, 104661, AUGUSTINE, 22, -2, 14.23, 13.31, 1.13, 12.05, 6.93500, 5.97, 27.63039, 861.6106, 856.9023] (FileDataWriter.java:41)
2015-08-23 06:21:52 DEBUG - line: [2015-08-24 00:33:00, 104662, AUGUSTINE, 22, -2, 14.24, 13.31, 1.139, 12.06, 5.959, 5.975, 27.60881, 861.8656, 857.1866] (FileDataWriter.java:41)
2015-08-23 06:21:52 DEBUG - line: [2015-08-24 00:34:00, 104663, AUGUSTINE, 22, -2, 14.24, 13.31, 1.125, 12.07, 6.038, 6.026, 27.59949, 861.8016, 857.0882] (FileDataWriter.java:41)
2015-08-23 06:21:52 DEBUG - line: [2015-08-24 00:35:00, 104664, AUGUSTINE, 22, -2, 14.22, 13.31, 1.151, 12.09, 5.578, 6.001, 27.61647, 861.8481, 857.1887] (FileDataWriter.java:41)
2015-08-23 06:21:52 DEBUG - line: [2015-08-24 00:36:00, 104665, AUGUSTINE, 22, -2, 14.23, 13.31, 1.141, 12.1, 7.41400, 5.956, 27.62047, 861.8449, 857.1414] (FileDataWriter.java:41)
2015-08-23 06:21:52 DEBUG - line: [2015-08-24 00:37:00, 104666, AUGUSTINE, 22, -2, 14.22, 13.31, 1.148, 12.14, 5.541, 5.992, 27.61863, 861.7731, 857.0451] (FileDataWriter.java:41)
2015-08-23 06:21:52 DEBUG - line: [2015-08-24 00:38:00, 104667, AUGUSTINE, 22, -2, 14.22, 13.31, 1.121, 12.14, 7.574, 6.011, 27.61993, 861.7323, 857.0238] (FileDataWriter.java:41)
2015-08-23 06:21:52 DEBUG - line: [2015-08-24 00:39:00, 104668, AUGUSTINE, 22, -2, 14.23, 13.31, 1.116, 12.14, 6.897, 6.008, 27.61918, 861.7154, 856.9677] (FileDataWriter.java:41)
2015-08-23 06:21:52 DEBUG - line: [2015-08-24 00:40:00, 104669, AUGUSTINE, 22, -2, 14.24, 13.31, 1.117, 12.18, 7.018, 6.035, 27.64472, 861.7331, 856.9757] (FileDataWriter.java:41)
2015-08-23 06:21:52 DEBUG - line: [2015-08-24 00:41:00, 104670, AUGUSTINE, 22, -2, 14.23, 13.31, 1.133, 12.19, 5.701, 6.017, 27.61892, 861.8645, 857.1169] (FileDataWriter.java:41)
2015-08-23 06:21:52 DEBUG - line: [2015-08-24 00:42:00, 104671, AUGUSTINE, 22, -2, 14.23, 13.31, 1.133, 12.19, 6.734, 5.985, 27.61225, 861.956, 857.2232] (FileDataWriter.java:41)
2015-08-23 06:21:52 DEBUG - line: [2015-08-24 00:43:00, 104672, AUGUSTINE, 22, -2, 14.23, 13.31, 1.133, 12.21, 6.03, 5.974, 27.63027, 861.9991, 857.2859] (FileDataWriter.java:41)
2015-08-23 06:21:52 DEBUG - line: [2015-08-24 00:44:00, 104673, AUGUSTINE, 22, -2, 14.23, 13.31, 1.114, 12.21, 6.77000, 6.023, 27.61029, 861.9395, 857.1626] (FileDataWriter.java:41)
2015-08-23 06:21:52 DEBUG - line: [2015-08-24 00:45:00, 104674, AUGUSTINE, 22, -2, 14.23, 13.31, 1.125, 12.25, 6.474, 6.071, 27.62907, 861.8108, 857.078] (FileDataWriter.java:41)
2015-08-23 06:21:52 DEBUG - line: [2015-08-24 00:46:00, 104675, AUGUSTINE, 22, -2, 14.22, 13.31, 1.108, 12.27, 6.72, 6.075, 27.64169, 861.6386, 856.9302] (FileDataWriter.java:41)
2015-08-23 06:21:52 DEBUG - line: [2015-08-24 00:47:00, 104676, AUGUSTINE, 22, -2, 14.24, 13.31, 1.12, 12.28, 7.15800, 6.085, 27.6519, 861.6578, 856.9101] (FileDataWriter.java:41)
2015-08-23 06:21:52 DEBUG - line: [2015-08-24 00:48:00, 104677, AUGUSTINE, 22, -2, 14.23, 13.31, 1.111, 12.3, 6.925, 6.081, 27.63232, 861.7354, 857.0566] (FileDataWriter.java:41)
2015-08-23 06:21:52 DEBUG - line: [2015-08-24 00:49:00, 104678, AUGUSTINE, 22, -2, 14.22, 13.31, 1.119, 12.3, 6.433, 6.041, 27.62912, 861.7155, 857.0465] (FileDataWriter.java:41)
2015-08-23 06:21:52 DEBUG - line: [2015-08-24 00:50:00, 104679, AUGUSTINE, 22, -2, 14.23, 13.31, 1.133, 12.33, 5.797, 6.02, 27.65034, 861.7004, 856.9922] (FileDataWriter.java:41)
2015-08-23 06:21:52 DEBUG - line: [2015-08-24 00:51:00, 104680, AUGUSTINE, 22, -2, 14.23, 13.31, 1.124, 12.33, 7.726, 5.997, 27.65628, 861.798, 857.0946] (FileDataWriter.java:41)
2015-08-23 06:21:52 DEBUG - line: [2015-08-24 00:52:00, 104681, AUGUSTINE, 22, -2, 14.23, 13.31, 1.108, 12.35, 6.296, 6.014, 27.65328, 861.8174, 857.1042] (FileDataWriter.java:41)
2015-08-23 06:21:52 DEBUG - line: [2015-08-24 00:53:00, 104682, AUGUSTINE, 22, -2, 14.22, 13.31, 1.121, 12.37, 5.923, 5.991, 27.64277, 861.8516, 857.1334] (FileDataWriter.java:41)
2015-08-23 06:21:52 DEBUG - line: [2015-08-24 00:54:00, 104683, AUGUSTINE, 22, -2, 14.23, 13.31, 1.111, 12.37, 6.546, 5.968, 27.64713, 861.5326, 856.785] (FileDataWriter.java:41)
2015-08-23 06:21:52 DEBUG - line: [2015-08-24 00:55:00, 104684, AUGUSTINE, 22, -2, 14.23, 13.31, 1.122, 12.39, 6.952, 5.946, 27.66643, 861.6207, 856.9319] (FileDataWriter.java:41)
2015-08-23 06:21:52 DEBUG - line: [2015-08-24 00:56:00, 104685, AUGUSTINE, 22, -2, 14.23, 13.31, 1.138, 12.41, 6.305, 5.959, 27.66278, 861.5666, 856.8681] (FileDataWriter.java:41)
2015-08-23 06:21:52 DEBUG - line: [2015-08-24 00:57:00, 104686, AUGUSTINE, 22, -2, 14.24, 13.31, 1.149, 12.42, 7.949, 5.931, 27.65335, 861.6595, 856.9366] (FileDataWriter.java:41)
2015-08-23 06:21:52 DEBUG - line: [2015-08-24 00:58:00, 104687, AUGUSTINE, 22, -2, 14.23, 13.31, 1.132, 12.43, 5.359, 5.961, 27.64986, 861.6938, 856.9757] (FileDataWriter.java:41)
2015-08-23 06:21:52 DEBUG - line: [2015-08-24 00:59:00, 104688, AUGUSTINE, 22, -2, 14.23, 13.31, 1.135, 12.44, 6.129, 5.979, 27.66396, 861.9586, 857.255] (FileDataWriter.java:41)
2015-08-23 06:21:52 DEBUG - line: [2015-08-24 01:00:00, 104689, AUGUSTINE, 22, -2, 14.24, 13.31, 1.106, 12.46, 6.74900, 5.999, 27.66706, 862.0173, 857.2893] (FileDataWriter.java:41)
2015-08-23 06:21:52 DEBUG - line: [2015-08-24 01:01:00, 104690, AUGUSTINE, 22, -2, 14.23, 13.31, 1.119, 12.47, 6.648, 5.986, 27.64265, 861.919, 857.2108] (FileDataWriter.java:41)
2015-08-23 06:21:52 DEBUG - line: [2015-08-24 01:02:00, 104691, AUGUSTINE, 22, -2, 14.22, 13.31, 1.137, 12.49, 6.86, 5.995, 27.65778, 861.9092, 857.2303] (FileDataWriter.java:41)
2015-08-23 06:21:52 DEBUG - line: [2015-08-24 01:03:00, 104692, AUGUSTINE, 22, -2, 14.23, 13.31, 1.122, 12.5, 6.217, 5.958, 27.66751, 861.9533, 857.2303] (FileDataWriter.java:41)
2015-08-23 06:21:52 DEBUG - line: [2015-08-24 01:04:00, 104693, AUGUSTINE, 22, -2, 14.23, 13.31, 1.108, 12.51, 7.681, 5.989, 27.6747, 861.9533, 857.3038] (FileDataWriter.java:41)
2015-08-23 06:21:52 DEBUG - line: [2015-08-24 01:05:00, 104694, AUGUSTINE, 22, -2, 14.23, 13.31, 1.121, 12.52, 5.271, 6.032, 27.64732, 862.0758, 857.4314] (FileDataWriter.java:41)
2015-08-23 06:21:52 DEBUG - line: [2015-08-24 01:06:00, 104695, AUGUSTINE, 22, -2, 14.24, 13.31, 1.128, 12.53, 6.839, 6.096, 27.65532, 862.0022, 857.3038] (FileDataWriter.java:41)
2015-08-23 06:21:52 DEBUG - line: [2015-08-24 01:07:00, 104696, AUGUSTINE, 22, -2, 14.22, 13.31, 1.116, 12.55, 5.391, 6.107, 27.66943, 861.8698, 857.191] (FileDataWriter.java:41)
2015-08-23 06:21:52 DEBUG - line: [2015-08-24 01:08:00, 104697, AUGUSTINE, 22, -2, 14.23, 13.31, 1.122, 12.56, 7.516, 6.07, 27.67593, 861.7962, 857.1125] (FileDataWriter.java:41)
2015-08-23 06:21:52 DEBUG - line: [2015-08-24 01:09:00, 104698, AUGUSTINE, 22, -2, 14.22, 13.31, 1.108, 12.58, 6.273, 6.049, 27.66884, 861.811, 857.1419] (FileDataWriter.java:41)
2015-08-23 06:21:52 DEBUG - line: [2015-08-24 01:10:00, 104699, AUGUSTINE, 22, -2, 14.23, 13.31, 1.117, 12.58, 6.726, 6.046, 27.65684, 861.7766, 857.1174] (FileDataWriter.java:41)
2015-08-23 06:21:52 DEBUG - line: [2015-08-24 01:11:00, 104700, AUGUSTINE, 22, -2, 14.23, 13.31, 1.146, 12.6, 7.00600, 6.084, 27.67365, 861.8356, 857.1763] (FileDataWriter.java:41)
2015-08-23 06:21:52 DEBUG - line: [2015-08-24 01:12:00, 104701, AUGUSTINE, 22, -2, 14.23, 13.31, 1.171, 12.6, 6.715, 6.135, 27.67356, 861.8846, 857.2597] (FileDataWriter.java:41)
2015-08-23 06:21:52 DEBUG - line: [2015-08-24 01:13:00, 104702, AUGUSTINE, 22, -2, 14.1, 13.3, 1.122, 12.62, 6.654, 6.188, 27.6812, 861.9679, 857.3724] (FileDataWriter.java:41)
2015-08-23 06:21:52 DEBUG - line: [2015-08-24 01:14:00, 104703, AUGUSTINE, 22, -2, 13.82, 13.28, 1.082, 12.63, 3.568, 6.199, 27.65405, 861.8944, 857.3038] (FileDataWriter.java:41)
2015-08-23 06:21:52 DEBUG - line: [2015-08-24 01:15:00, 104704, AUGUSTINE, 22, -2, 13.84, 13.28, 1.096, 12.65, 8.49, 6.216, 27.67119, 861.8698, 857.1959] (FileDataWriter.java:41)
2015-08-23 06:21:52 DEBUG - line: [2015-08-24 01:16:00, 104705, AUGUSTINE, 22, -2, 13.84, 13.28, 1.13, 12.66, 6.508, 6.19, 27.67788, 861.9582, 857.2793] (FileDataWriter.java:41)
2015-08-23 06:21:52 DEBUG - line: [2015-08-24 01:17:00, 104706, AUGUSTINE, 22, -2, 13.83, 13.28, 1.106, 12.67, 7.14400, 6.217, 27.69264, 862.0954, 857.4264] (FileDataWriter.java:41)
2015-08-23 06:21:52 DEBUG - line: [2015-08-24 01:18:00, 104707, AUGUSTINE, 22, -2, 13.84, 13.28, 1.091, 12.69, 7.17100, 6.285, 27.6737, 862.0366, 857.4019] (FileDataWriter.java:41)
2015-08-23 06:21:52 DEBUG - line: [2015-08-24 01:19:00, 104708, AUGUSTINE, 22, -2, 13.84, 13.28, 1.106, 12.7, 6.77600, 6.267, 27.66577, 862.1396, 857.5245] (FileDataWriter.java:41)
2015-08-23 06:21:52 DEBUG - line: [2015-08-24 01:20:00, 104709, AUGUSTINE, 22, -2, 13.84, 13.28, 1.089, 12.7, 7.036, 6.316, 27.66874, 862.1739, 857.598] (FileDataWriter.java:41)
2015-08-23 06:21:52 DEBUG - line: [2015-08-24 01:21:00, 104710, AUGUSTINE, 22, -2, 13.84, 13.28, 1.099, 12.72, 7.949, 6.336, 27.68804, 862.2426, 857.7305] (FileDataWriter.java:41)
2015-08-23 06:21:52 DEBUG - line: [2015-08-24 01:22:00, 104711, AUGUSTINE, 22, -2, 13.84, 13.28, 1.068, 12.73, 6.911, 6.349, 27.69611, 862.2033, 857.6176] (FileDataWriter.java:41)
2015-08-23 06:21:52 DEBUG - line: [2015-08-24 01:23:00, 104712, AUGUSTINE, 22, -2, 13.83, 13.28, 1.075, 12.74, 5.256, 6.299, 27.67256, 862.1494, 857.6226] (FileDataWriter.java:41)
2015-08-23 06:21:52 DEBUG - line: [2015-08-24 01:24:00, 104713, AUGUSTINE, 22, -2, 13.84, 13.28, 1.089, 12.75, 6.616, 6.217, 27.67148, 862.1886, 857.7059] (FileDataWriter.java:41)
2015-08-23 06:21:52 DEBUG - line: [2015-08-24 01:25:00, 104714, AUGUSTINE, 22, -2, 13.84, 13.28, 1.088, 12.77, 8.14000, 6.179, 27.68485, 862.169, 857.6029] (FileDataWriter.java:41)
2015-08-23 06:21:52 DEBUG - line: [2015-08-24 01:26:00, 104715, AUGUSTINE, 22, -2, 13.83, 13.28, 1.106, 12.78, 8.62, 6.192, 27.69747, 862.169, 857.5392] (FileDataWriter.java:41)
2015-08-23 06:21:52 DEBUG - line: [2015-08-24 01:27:00, 104716, AUGUSTINE, 22, -2, 13.84, 13.28, 1.102, 12.79, 6.413, 6.202, 27.70629, 862.3603, 857.8089] (FileDataWriter.java:41)
2015-08-23 06:21:52 DEBUG - line: [2015-08-24 01:28:00, 104717, AUGUSTINE, 22, -2, 13.84, 13.28, 1.088, 12.79, 7.96100, 6.209, 27.68041, 862.4534, 857.961] (FileDataWriter.java:41)
2015-08-23 06:21:52 DEBUG - line: [2015-08-24 01:29:00, 104718, AUGUSTINE, 22, -2, 13.83, 13.28, 1.091, 12.81, 7.038, 6.242, 27.68249, 862.5222, 858.0099] (FileDataWriter.java:41)
2015-08-23 06:21:52 DEBUG - line: [2015-08-24 01:30:00, 104719, AUGUSTINE, 22, -2, 13.84, 13.28, 1.089, 12.82, 7.475, 6.242, 27.68834, 862.5123, 858.059] (FileDataWriter.java:41)
2015-08-23 06:21:52 DEBUG - line: [2015-08-24 01:31:00, 104720, AUGUSTINE, 22, -2, 13.83, 13.28, 1.062, 12.84, 4.538, 6.278, 27.70394, 862.6103, 858.0688] (FileDataWriter.java:41)
2015-08-23 06:21:52 DEBUG - line: [2015-08-24 01:32:00, 104721, AUGUSTINE, 22, -2, 13.85, 13.28, 1.1, 12.84, 7.864, 6.306, 27.70331, 862.4682, 857.9462] (FileDataWriter.java:41)
2015-08-23 06:21:52 DEBUG - line: [2015-08-24 01:33:00, 104722, AUGUSTINE, 22, -2, 13.83, 13.28, 1.098, 12.86, 3.124, 6.324, 27.6829, 862.4583, 857.9561] (FileDataWriter.java:41)
2015-08-23 06:21:52 DEBUG - line: [2015-08-24 01:34:00, 104723, AUGUSTINE, 22, -2, 13.84, 13.28, 1.115, 12.87, 8.25, 6.332, 27.68441, 862.473, 858.0246] (FileDataWriter.java:41)
2015-08-23 06:21:52 DEBUG - line: [2015-08-24 01:35:00, 104724, AUGUSTINE, 22, -2, 13.84, 13.28, 1.12, 12.88, 7.561, 6.304, 27.70074, 862.5172, 858.0884] (FileDataWriter.java:41)
2015-08-23 06:21:52 DEBUG - line: [2015-08-24 01:36:00, 104725, AUGUSTINE, 22, -2, 13.84, 13.28, 1.115, 12.88, 9.04, 6.224, 27.70074, 862.5614, 858.0835] (FileDataWriter.java:41)
2015-08-23 06:21:52 DEBUG - line: [2015-08-24 01:37:00, 104726, AUGUSTINE, 22, -2, 13.84, 13.28, 1.144, 12.9, 6.905, 6.18, 27.71996, 862.6594, 858.1081] (FileDataWriter.java:41)
2015-08-23 06:21:52 DEBUG - line: [2015-08-24 01:38:00, 104727, AUGUSTINE, 22, -2, 13.84, 13.28, 1.107, 12.91, 6.94800, 6.173, 27.69999, 862.5858, 858.0099] (FileDataWriter.java:41)
2015-08-23 06:21:52 DEBUG - line: [2015-08-24 01:39:00, 104728, AUGUSTINE, 22, -2, 13.84, 13.28, 1.102, 12.93, 8.43000, 6.227, 27.69533, 862.6594, 858.1228] (FileDataWriter.java:41)
2015-08-23 06:21:52 DEBUG - line: [2015-08-24 01:40:00, 104729, AUGUSTINE, 22, -2, 13.84, 13.28, 1.052, 12.93, 3.715, 6.264, 27.69697, 862.7232, 858.1817] (FileDataWriter.java:41)
2015-08-23 06:21:52 DEBUG - line: [2015-08-24 01:41:00, 104730, AUGUSTINE, 22, -2, 13.85, 13.28, 1.102, 12.95, 7.859, 6.256, 27.71902, 862.6692, 858.1963] (FileDataWriter.java:41)
2015-08-23 06:21:52 DEBUG - line: [2015-08-24 01:42:00, 104731, AUGUSTINE, 22, -2, 13.83, 13.28, 1.093, 12.96, 7.306, 6.219, 27.72104, 862.8507, 858.3534] (FileDataWriter.java:41)
2015-08-23 06:21:52 DEBUG - line: [2015-08-24 01:43:00, 104732, AUGUSTINE, 22, -2, 13.82, 13.28, 1.121, 12.98, 8.68000, 6.236, 27.69978, 862.8213, 858.3778] (FileDataWriter.java:41)
2015-08-23 06:21:52 DEBUG - line: [2015-08-24 01:44:00, 104733, AUGUSTINE, 22, -2, 13.82, 13.28, 1.137, 12.98, 7.936, 6.238, 27.69209, 863.0568, 858.5985] (FileDataWriter.java:41)
2015-08-23 06:21:52 DEBUG - line: [2015-08-24 01:45:00, 104734, AUGUSTINE, 22, -2, 13.82, 13.28, 1.137, 12.99, 6.75100, 6.251, 27.70514, 862.993, 858.4857] (FileDataWriter.java:41)
2015-08-23 06:21:52 DEBUG - line: [2015-08-24 01:46:00, 104735, AUGUSTINE, 22, -2, 13.81, 13.28, 1.11, 13, 7.699, 6.261, 27.71656, 863.199, 858.6623] (FileDataWriter.java:41)
2015-08-23 06:21:52 DEBUG - line: [2015-08-24 01:47:00, 104736, AUGUSTINE, 22, -2, 13.82, 13.28, 1.092, 13.02, 7.615, 6.283, 27.71662, 863.0812, 858.6182] (FileDataWriter.java:41)
2015-08-23 06:21:52 DEBUG - line: [2015-08-24 01:48:00, 104737, AUGUSTINE, 22, -2, 13.82, 13.28, 1.095, 13.02, 6.963, 6.286, 27.69551, 863.0322, 858.5789] (FileDataWriter.java:41)
2015-08-23 06:21:52 DEBUG - line: [2015-08-24 01:49:00, 104738, AUGUSTINE, 22, -2, 13.81, 13.28, 1.089, 13.04, 8.45, 6.268, 27.70517, 862.9586, 858.525] (FileDataWriter.java:41)
2015-08-23 06:21:52 DEBUG - line: [2015-08-24 01:50:00, 104739, AUGUSTINE, 22, -2, 13.82, 13.28, 1.066, 13.05, 7.31500, 6.257, 27.71111, 862.9832, 858.5642] (FileDataWriter.java:41)
2015-08-23 06:21:52 DEBUG - line: [2015-08-24 01:51:00, 104740, AUGUSTINE, 22, -2, 13.83, 13.28, 1.09, 13.06, 7.067, 6.272, 27.72499, 863.0617, 858.6083] (FileDataWriter.java:41)
2015-08-23 06:21:52 DEBUG - line: [2015-08-24 01:52:00, 104741, AUGUSTINE, 22, -2, 13.82, 13.28, 1.089, 13.07, 8.38, 6.316, 27.73227, 863.3756, 858.8045] (FileDataWriter.java:41)
2015-08-23 06:21:52 DEBUG - line: [2015-08-24 01:53:00, 104742, AUGUSTINE, 22, -2, 13.82, 13.28, 1.084, 13.07, 8.5, 6.373, 27.69202, 863.3706, 858.8094] (FileDataWriter.java:41)
2015-08-23 06:21:52 DEBUG - line: [2015-08-24 01:54:00, 104743, AUGUSTINE, 22, -2, 13.82, 13.28, 1.074, 13.09, 7.43, 6.407, 27.70792, 863.4246, 858.9173] (FileDataWriter.java:41)
2015-08-23 06:21:52 DEBUG - line: [2015-08-24 01:55:00, 104744, AUGUSTINE, 22, -2, 13.82, 13.28, 1.089, 13.1, 6.896, 6.416, 27.71608, 863.3069, 858.7702] (FileDataWriter.java:41)
2015-08-23 06:21:52 DEBUG - line: [2015-08-24 01:56:00, 104745, AUGUSTINE, 22, -2, 13.82, 13.28, 1.089, 13.12, 7.85500, 6.414, 27.73019, 863.5079, 859.0301] (FileDataWriter.java:41)
2015-08-23 06:21:52 DEBUG - line: [2015-08-24 01:57:00, 104746, AUGUSTINE, 22, -2, 13.82, 13.28, 1.084, 13.12, 7.886, 6.354, 27.69762, 863.5962, 859.1183] (FileDataWriter.java:41)
2015-08-23 06:21:52 DEBUG - line: [2015-08-24 01:58:00, 104747, AUGUSTINE, 22, -2, 13.8, 13.28, 1.08, 13.14, 7.333, 6.419, 27.70306, 863.4246, 858.9173] (FileDataWriter.java:41)
2015-08-23 06:21:52 DEBUG - line: [2015-08-24 01:59:00, 104748, AUGUSTINE, 22, -2, 13.81, 13.28, 1.089, 13.14, 7.76400, 6.458, 27.70765, 863.3462, 858.6819] (FileDataWriter.java:41)
2015-08-23 06:21:52 DEBUG - line: [2015-08-24 02:00:00, 104749, AUGUSTINE, 22, -2, 13.81, 13.28, 1.089, 13.16, 8.4, 6.526, 27.72694, 863.3265, 858.677] (FileDataWriter.java:41)
2015-08-23 06:21:52 DEBUG - line: [2015-08-24 02:01:00, 104750, AUGUSTINE, 22, -2, 13.81, 13.28, 1.088, 13.16, 6.35, 6.56, 27.70276, 863.2186, 858.6574] (FileDataWriter.java:41)
2015-08-23 06:21:52 DEBUG - line: [2015-08-24 02:02:00, 104751, AUGUSTINE, 22, -2, 13.81, 13.28, 1.086, 13.18, 8.2, 6.57, 27.68964, 863.2432, 858.6672] (FileDataWriter.java:41)
2015-08-23 06:21:52 DEBUG - line: [2015-08-24 02:03:00, 104752, AUGUSTINE, 22, -2, 13.81, 13.28, 1.086, 13.19, 7.094, 6.56, 27.69916, 863.0813, 858.6083] (FileDataWriter.java:41)
2015-08-23 06:21:52 DEBUG - line: [2015-08-24 02:04:00, 104753, AUGUSTINE, 22, -2, 13.8, 13.28, 1.088, 13.2, 7.241, 6.504, 27.71139, 863.1156, 858.6721] (FileDataWriter.java:41)
2015-08-23 06:21:52 DEBUG - line: [2015-08-24 02:05:00, 104754, AUGUSTINE, 22, -2, 13.81, 13.28, 1.096, 13.21, 8.19000, 6.469, 27.72277, 863.302, 858.7014] (FileDataWriter.java:41)
2015-08-23 06:21:52 DEBUG - line: [2015-08-24 02:06:00, 104755, AUGUSTINE, 22, -2, 13.81, 13.28, 1.131, 13.22, 8.57, 6.436, 27.71791, 863.3559, 858.8242] (FileDataWriter.java:41)
2015-08-23 06:21:52 DEBUG - line: [2015-08-24 02:07:00, 104756, AUGUSTINE, 22, -2, 13.81, 13.28, 1.123, 13.23, 7.699, 6.423, 27.69745, 863.3167, 858.7996] (FileDataWriter.java:41)
2015-08-23 06:21:52 DEBUG - line: [2015-08-24 02:08:00, 104757, AUGUSTINE, 22, -2, 13.81, 13.28, 1.094, 13.25, 8.34, 6.406, 27.70634, 863.4491, 858.9713] (FileDataWriter.java:41)
2015-08-23 06:21:52 DEBUG - line: [2015-08-24 02:09:00, 104758, AUGUSTINE, 22, -2, 13.81, 13.28, 1.076, 13.26, 7.521, 6.423, 27.72016, 863.5178, 859.0645] (FileDataWriter.java:41)
2015-08-23 06:21:52 DEBUG - line: [2015-08-24 02:10:00, 104759, AUGUSTINE, 22, -2, 13.81, 13.28, 1.065, 13.26, 8.31000, 6.431, 27.72234, 863.4834, 859.0056] (FileDataWriter.java:41)
2015-08-23 06:21:52 DEBUG - line: [2015-08-24 02:11:00, 104760, AUGUSTINE, 22, -2, 13.81, 13.28, 1.099, 13.28, 7.04000, 6.443, 27.73816, 863.4344, 859.0056] (FileDataWriter.java:41)
2015-08-23 06:21:52 DEBUG - line: [2015-08-24 02:12:00, 104761, AUGUSTINE, 22, -2, 13.8, 13.28, 1.093, 13.29, 4.376, 6.478, 27.70471, 863.4834, 859.0645] (FileDataWriter.java:41)
2015-08-23 06:21:52 DEBUG - line: [2015-08-24 02:13:00, 104762, AUGUSTINE, 22, -2, 13.81, 13.28, 1.073, 13.3, 6.541, 6.466, 27.71453, 863.4883, 859.0595] (FileDataWriter.java:41)
2015-08-23 06:21:52 DEBUG - line: [2015-08-24 02:14:00, 104763, AUGUSTINE, 22, -2, 13.81, 13.28, 1.094, 13.31, 8.05, 6.459, 27.71526, 863.5864, 859.138] (FileDataWriter.java:41)
2015-08-23 06:21:52 DEBUG - line: [2015-08-24 02:15:00, 104764, AUGUSTINE, 22, -2, 13.79, 13.28, 1.087, 13.33, 7.886, 6.468, 27.73808, 863.611, 859.1723] (FileDataWriter.java:41)
2015-08-23 06:21:52 DEBUG - line: [2015-08-24 02:16:00, 104765, AUGUSTINE, 22, -2, 13.79, 13.28, 1.106, 13.33, 8.86, 6.442, 27.72673, 863.6404, 859.1822] (FileDataWriter.java:41)
2015-08-23 06:21:52 DEBUG - line: [2015-08-24 02:17:00, 104766, AUGUSTINE, 22, -2, 13.79, 13.28, 1.087, 13.35, 8.04, 6.411, 27.71291, 863.6011, 859.2115] (FileDataWriter.java:41)
2015-08-23 06:21:52 DEBUG - line: [2015-08-24 02:18:00, 104767, AUGUSTINE, 22, -2, 13.79, 13.28, 1.077, 13.35, 9.19000, 6.39, 27.711, 863.6306, 859.187] (FileDataWriter.java:41)
2015-08-23 06:21:52 DEBUG - line: [2015-08-24 02:19:00, 104768, AUGUSTINE, 22, -2, 13.79, 13.28, 1.077, 13.36, 8.13, 6.366, 27.72321, 863.6796, 859.241] (FileDataWriter.java:41)
2015-08-23 06:21:52 DEBUG - line: [2015-08-24 02:20:00, 104769, AUGUSTINE, 22, -2, 13.79, 13.28, 1.072, 13.38, 7.86800, 6.337, 27.73369, 863.709, 859.2557] (FileDataWriter.java:41)
2015-08-23 06:21:52 DEBUG - line: [2015-08-24 02:21:00, 104770, AUGUSTINE, 22, -2, 13.79, 13.28, 1.067, 13.39, 8.49, 6.352, 27.73832, 863.611, 859.2262] (FileDataWriter.java:41)
2015-08-23 06:24:21  INFO - Launching Logger2csv (Version: 0.0.1-SNAPSHOT Built: 2015-08-22T00:03:22Z) (Logger2csv.java:52)
2015-08-23 06:24:21 DEBUG - creating logger AUSS (DataLogger.java:61)
2015-08-23 06:24:21 ERROR - No tables found for KABU (Logger2csv.java:68)
2015-08-23 06:24:21 ERROR - No tables found for Cleveland (Logger2csv.java:68)
2015-08-23 06:24:21 ERROR - No tables found for Bad (Logger2csv.java:68)
2015-08-23 06:24:21 DEBUG - Polling AUSS.ChemData_Sec2 (Logger2csv.java:94)
2015-08-23 06:24:21 DEBUG - Finding last record for AUSS (FileDataReader.java:28)
2015-08-23 06:24:21 DEBUG - looking for data/AUSS/2015/08/AUSS-ChemData_Sec2-20150824.csv (FileDataReader.java:36)
2015-08-23 06:24:21 DEBUG - data/AUSS/2015/08/AUSS-ChemData_Sec2-20150824.csv (No such file or directory) (FileDataReader.java:50)
2015-08-23 06:24:21 DEBUG - looking for data/AUSS/2015/08/AUSS-ChemData_Sec2-20150823.csv (FileDataReader.java:36)
2015-08-23 06:24:21 DEBUG - found record 173403. (FileDataReader.java:60)
2015-08-23 06:24:21 DEBUG - CookieSpec selected: default (RequestAddCookies.java:122)
2015-08-23 06:24:21 DEBUG - Auth cache not set in the context (RequestAuthCache.java:76)
2015-08-23 06:24:21 DEBUG - Connection request: [route: {}->http://127.0.0.1:8081][total kept alive: 0; route allocated: 0 of 2; total allocated: 0 of 20] (PoolingHttpClientConnectionManager.java:249)
2015-08-23 06:24:21 DEBUG - Connection leased: [id: 0][route: {}->http://127.0.0.1:8081][total kept alive: 0; route allocated: 1 of 2; total allocated: 1 of 20] (PoolingHttpClientConnectionManager.java:282)
2015-08-23 06:24:21 DEBUG - Opening connection {}->http://127.0.0.1:8081 (MainClientExec.java:234)
2015-08-23 06:24:21 DEBUG - Connecting to /127.0.0.1:8081 (DefaultHttpClientConnectionOperator.java:131)
2015-08-23 06:24:21 DEBUG - Connection established 127.0.0.1:50718<->127.0.0.1:8081 (DefaultHttpClientConnectionOperator.java:138)
2015-08-23 06:24:21 DEBUG - Executing request GET /?command=DataQuery&uri=dl:ChemData_Sec2&mode=since-record&format=TOA5&p1=173403 HTTP/1.1 (MainClientExec.java:255)
2015-08-23 06:24:21 DEBUG - Target auth state: UNCHALLENGED (MainClientExec.java:260)
2015-08-23 06:24:21 DEBUG - Proxy auth state: UNCHALLENGED (MainClientExec.java:266)
2015-08-23 06:24:21 DEBUG - http-outgoing-0 >> GET /?command=DataQuery&uri=dl:ChemData_Sec2&mode=since-record&format=TOA5&p1=173403 HTTP/1.1 (LoggingManagedHttpClientConnection.java:124)
2015-08-23 06:24:21 DEBUG - http-outgoing-0 >> Host: 127.0.0.1:8081 (LoggingManagedHttpClientConnection.java:127)
2015-08-23 06:24:21 DEBUG - http-outgoing-0 >> Connection: Keep-Alive (LoggingManagedHttpClientConnection.java:127)
2015-08-23 06:24:21 DEBUG - http-outgoing-0 >> User-Agent: Apache-HttpClient/4.5 (Java/1.8.0_51) (LoggingManagedHttpClientConnection.java:127)
2015-08-23 06:24:21 DEBUG - http-outgoing-0 >> Accept-Encoding: gzip,deflate (LoggingManagedHttpClientConnection.java:127)
2015-08-23 06:24:21 DEBUG - http-outgoing-0 >> "GET /?command=DataQuery&uri=dl:ChemData_Sec2&mode=since-record&format=TOA5&p1=173403 HTTP/1.1[\r][\n]" (Wire.java:72)
2015-08-23 06:24:21 DEBUG - http-outgoing-0 >> "Host: 127.0.0.1:8081[\r][\n]" (Wire.java:72)
2015-08-23 06:24:21 DEBUG - http-outgoing-0 >> "Connection: Keep-Alive[\r][\n]" (Wire.java:72)
2015-08-23 06:24:21 DEBUG - http-outgoing-0 >> "User-Agent: Apache-HttpClient/4.5 (Java/1.8.0_51)[\r][\n]" (Wire.java:72)
2015-08-23 06:24:21 DEBUG - http-outgoing-0 >> "Accept-Encoding: gzip,deflate[\r][\n]" (Wire.java:72)
2015-08-23 06:24:21 DEBUG - http-outgoing-0 >> "[\r][\n]" (Wire.java:72)
2015-08-23 06:24:23 DEBUG - http-outgoing-0 << "HTTP/1.1 200 OK[\r][\n]" (Wire.java:72)
2015-08-23 06:24:23 DEBUG - http-outgoing-0 << "Server: CR1000.Std.24[\r][\n]" (Wire.java:72)
2015-08-23 06:24:23 DEBUG - http-outgoing-0 << "Date: Mon, 24 Aug 2015 02:24:27[\r][\n]" (Wire.java:72)
2015-08-23 06:24:23 DEBUG - http-outgoing-0 << "Last-Modified: Mon, 24 Aug 2015 02:24:27[\r][\n]" (Wire.java:72)
2015-08-23 06:24:23 DEBUG - http-outgoing-0 << "ETag: -1144701464[\r][\n]" (Wire.java:72)
2015-08-23 06:24:23 DEBUG - http-outgoing-0 << "Accept-Ranges: none[\r][\n]" (Wire.java:72)
2015-08-23 06:24:23 DEBUG - http-outgoing-0 << "Cache-Control: no-cache[\r][\n]" (Wire.java:72)
2015-08-23 06:24:23 DEBUG - http-outgoing-0 << "Transfer-Encoding: chunked[\r][\n]" (Wire.java:72)
2015-08-23 06:24:23 DEBUG - http-outgoing-0 << "Content-Type: text/csv; charset=ISO-8859-1[\r][\n]" (Wire.java:72)
2015-08-23 06:24:23 DEBUG - http-outgoing-0 << "[\r][\n]" (Wire.java:72)
2015-08-23 06:24:23 DEBUG - http-outgoing-0 << "4a7[\r][\n]" (Wire.java:72)
2015-08-23 06:24:23 DEBUG - http-outgoing-0 << ""TOA5","46941","CR1000","46941","CR1000.Std.24","CPU:Augustine_v1.CR1","13487","ChemData_Sec2"[\r][\n]" (Wire.java:72)
2015-08-23 06:24:23 DEBUG - http-outgoing-0 << ""TIMESTAMP","RECORD","Site_Name","Duty_Cycle","Status_Flag","batt_volt","Regulated_voltage","Power","Panel_Temp","Pump_Temp","Inlet_Temp","Soil_Temp","Sample_Pressure","Air_Pressure","Sample_Flow","CO2","CO2_lowpass","SO2","H2S","SO2_raw","H2S_raw","CO2/SO2_ratio_1min","CO2/SO2_intercept_1min","CO2/SO2_r2_1min","CO2/SO2_5min_avg","CO2/H2S_ratio_1min","CO2/H2S_intercept_1min","CO2/H2S_r2_1min","CO2/H2S_5min_avg","CO2/S_total_ratio","CO2/S_total_intercept","CO2/S_total_r2","CO2/S_tot_3min_median","H2S/SO2_ratio","H2S/SO2_intercept","H2S/SO2_r2","H2S/SO2_3min_median","SO2/S_total","H2S/S_total","CO2_span","CO2_offset","SO2_span","SO2_offset","H2S_span","H2S_offset"[\r][\n]" (Wire.java:72)
2015-08-23 06:24:23 DEBUG - http-outgoing-0 << ""TS","RN","","","","volts","volts","watts","deg_C","deg C","deg C","deg_C","hPa","hPa","slpm","ppmv","ppmv","ppmv","ppmv","","","","","","","","","","","","","","","","","","","%","%","","","","","",""[\r][\n]" (Wire.java:72)
2015-08-23 06:24:23 DEBUG - http-outgoing-0 << ""","","Smp","Smp","Smp","Smp","Smp","Smp","Smp","Smp","Smp","Smp","Smp","Smp","Smp","Smp","Smp","Smp","Smp","Smp","Smp","Smp","Smp","Smp","Smp","Smp","Smp","Smp","Smp","Smp","Smp","Smp","Med","Smp","Smp","Smp","Med","Smp[\r][\n]" (Wire.java:72)
2015-08-23 06:24:23 DEBUG - http-outgoing-0 << HTTP/1.1 200 OK (LoggingManagedHttpClientConnection.java:113)
2015-08-23 06:24:23 DEBUG - http-outgoing-0 << Server: CR1000.Std.24 (LoggingManagedHttpClientConnection.java:116)
2015-08-23 06:24:23 DEBUG - http-outgoing-0 << Date: Mon, 24 Aug 2015 02:24:27 (LoggingManagedHttpClientConnection.java:116)
2015-08-23 06:24:23 DEBUG - http-outgoing-0 << Last-Modified: Mon, 24 Aug 2015 02:24:27 (LoggingManagedHttpClientConnection.java:116)
2015-08-23 06:24:23 DEBUG - http-outgoing-0 << ETag: -1144701464 (LoggingManagedHttpClientConnection.java:116)
2015-08-23 06:24:23 DEBUG - http-outgoing-0 << Accept-Ranges: none (LoggingManagedHttpClientConnection.java:116)
2015-08-23 06:24:23 DEBUG - http-outgoing-0 << Cache-Control: no-cache (LoggingManagedHttpClientConnection.java:116)
2015-08-23 06:24:23 DEBUG - http-outgoing-0 << Transfer-Encoding: chunked (LoggingManagedHttpClientConnection.java:116)
2015-08-23 06:24:23 DEBUG - http-outgoing-0 << Content-Type: text/csv; charset=ISO-8859-1 (LoggingManagedHttpClientConnection.java:116)
2015-08-23 06:24:23 DEBUG - Connection can be kept alive indefinitely (MainClientExec.java:284)
2015-08-23 06:24:24 DEBUG - http-outgoing-0 << "17e[\r][\n]" (Wire.java:72)
2015-08-23 06:24:24 DEBUG - http-outgoing-0 << "","Smp","Smp","Smp","Smp","Smp","Smp","Smp"[\r][\n]" (Wire.java:72)
2015-08-23 06:24:24 DEBUG - http-outgoing-0 << ""2015-08-23 16:04:58",173403,"AUGUSTINE",22,0,12.4,13.15,9.31000,8.83,7.162,1.392,27.77,852.5557,855.5005,1.004233,-1.991669,-1.440513,-0.6466017,-0.1563726,-0.5164223,0.1481552,"NAN","NAN",0.03890756,"NAN","NAN","NAN",0.04640333,"NAN","NAN","NAN",0.005161658,NAN,"NAN","NAN","NAN",NAN,"NAN","NAN",1.021,-9.34,1.001,-0.068,1.131,-0.344[\r][\n]" (Wire.java:72)
2015-08-23 06:24:24 DEBUG - http-outgoing-0 << "[\r][\n]" (Wire.java:72)
2015-08-23 06:24:24 DEBUG - http-outgoing-0 << "0[\r][\n]" (Wire.java:72)
2015-08-23 06:24:24 DEBUG - http-outgoing-0 << "[\r][\n]" (Wire.java:72)
2015-08-23 06:24:24 DEBUG - Connection [id: 0][route: {}->http://127.0.0.1:8081] can be kept alive indefinitely (PoolingHttpClientConnectionManager.java:314)
2015-08-23 06:24:24 DEBUG - Connection released: [id: 0][route: {}->http://127.0.0.1:8081][total kept alive: 1; route allocated: 1 of 2; total allocated: 1 of 20] (PoolingHttpClientConnectionManager.java:320)
2015-08-23 06:24:24 DEBUG - Connection manager is shutting down (PoolingHttpClientConnectionManager.java:388)
2015-08-23 06:24:24 DEBUG - http-outgoing-0: Close connection (LoggingManagedHttpClientConnection.java:79)
2015-08-23 06:24:24 DEBUG - http-outgoing-0: Close connection (LoggingManagedHttpClientConnection.java:79)
2015-08-23 06:24:24 DEBUG - Connection manager shut down (PoolingHttpClientConnectionManager.java:394)
2015-08-23 06:24:24 DEBUG - line: [2015-08-23 16:04:58, 173403, AUGUSTINE, 22, 0, 12.4, 13.15, 9.31000, 8.83, 7.162, 1.392, 27.77, 852.5557, 855.5005, 1.004233, -1.991669, -1.440513, -0.6466017, -0.1563726, -0.5164223, 0.1481552, NAN, NAN, 0.03890756, NAN, NAN, NAN, 0.04640333, NAN, NAN, NAN, 0.005161658, NAN, NAN, NAN, NAN, NAN, NAN, NAN, 1.021, -9.34, 1.001, -0.068, 1.131, -0.344] (FileDataWriter.java:41)
2015-08-23 06:24:24 DEBUG - Polling AUSS.Wx_Min1 (Logger2csv.java:94)
2015-08-23 06:24:24 DEBUG - Finding last record for AUSS (FileDataReader.java:28)
2015-08-23 06:24:24 DEBUG - looking for data/AUSS/2015/08/AUSS-Wx_Min1-20150824.csv (FileDataReader.java:36)
2015-08-23 06:24:24 DEBUG - found record 104770. (FileDataReader.java:60)
2015-08-23 06:24:24 DEBUG - CookieSpec selected: default (RequestAddCookies.java:122)
2015-08-23 06:24:24 DEBUG - Auth cache not set in the context (RequestAuthCache.java:76)
2015-08-23 06:24:24 DEBUG - Connection request: [route: {}->http://127.0.0.1:8081][total kept alive: 0; route allocated: 0 of 2; total allocated: 0 of 20] (PoolingHttpClientConnectionManager.java:249)
2015-08-23 06:24:24 DEBUG - Connection leased: [id: 1][route: {}->http://127.0.0.1:8081][total kept alive: 0; route allocated: 1 of 2; total allocated: 1 of 20] (PoolingHttpClientConnectionManager.java:282)
2015-08-23 06:24:24 DEBUG - Opening connection {}->http://127.0.0.1:8081 (MainClientExec.java:234)
2015-08-23 06:24:24 DEBUG - Connecting to /127.0.0.1:8081 (DefaultHttpClientConnectionOperator.java:131)
2015-08-23 06:24:24 DEBUG - Connection established 127.0.0.1:50723<->127.0.0.1:8081 (DefaultHttpClientConnectionOperator.java:138)
2015-08-23 06:24:24 DEBUG - Executing request GET /?command=DataQuery&uri=dl:Wx_Min1&mode=since-record&format=TOA5&p1=104770 HTTP/1.1 (MainClientExec.java:255)
2015-08-23 06:24:24 DEBUG - Target auth state: UNCHALLENGED (MainClientExec.java:260)
2015-08-23 06:24:24 DEBUG - Proxy auth state: UNCHALLENGED (MainClientExec.java:266)
2015-08-23 06:24:24 DEBUG - http-outgoing-1 >> GET /?command=DataQuery&uri=dl:Wx_Min1&mode=since-record&format=TOA5&p1=104770 HTTP/1.1 (LoggingManagedHttpClientConnection.java:124)
2015-08-23 06:24:24 DEBUG - http-outgoing-1 >> Host: 127.0.0.1:8081 (LoggingManagedHttpClientConnection.java:127)
2015-08-23 06:24:24 DEBUG - http-outgoing-1 >> Connection: Keep-Alive (LoggingManagedHttpClientConnection.java:127)
2015-08-23 06:24:24 DEBUG - http-outgoing-1 >> User-Agent: Apache-HttpClient/4.5 (Java/1.8.0_51) (LoggingManagedHttpClientConnection.java:127)
2015-08-23 06:24:24 DEBUG - http-outgoing-1 >> Accept-Encoding: gzip,deflate (LoggingManagedHttpClientConnection.java:127)
2015-08-23 06:24:24 DEBUG - http-outgoing-1 >> "GET /?command=DataQuery&uri=dl:Wx_Min1&mode=since-record&format=TOA5&p1=104770 HTTP/1.1[\r][\n]" (Wire.java:72)
2015-08-23 06:24:24 DEBUG - http-outgoing-1 >> "Host: 127.0.0.1:8081[\r][\n]" (Wire.java:72)
2015-08-23 06:24:24 DEBUG - http-outgoing-1 >> "Connection: Keep-Alive[\r][\n]" (Wire.java:72)
2015-08-23 06:24:24 DEBUG - http-outgoing-1 >> "User-Agent: Apache-HttpClient/4.5 (Java/1.8.0_51)[\r][\n]" (Wire.java:72)
2015-08-23 06:24:24 DEBUG - http-outgoing-1 >> "Accept-Encoding: gzip,deflate[\r][\n]" (Wire.java:72)
2015-08-23 06:24:24 DEBUG - http-outgoing-1 >> "[\r][\n]" (Wire.java:72)
2015-08-23 06:24:25 DEBUG - http-outgoing-1 << "HTTP/1.1 200 OK[\r][\n]" (Wire.java:72)
2015-08-23 06:24:25 DEBUG - http-outgoing-1 << "Server: CR1000.Std.24[\r][\n]" (Wire.java:72)
2015-08-23 06:24:25 DEBUG - http-outgoing-1 << "Date: Mon, 24 Aug 2015 02:24:28[\r][\n]" (Wire.java:72)
2015-08-23 06:24:25 DEBUG - http-outgoing-1 << "Last-Modified: Mon, 24 Aug 2015 02:24:28[\r][\n]" (Wire.java:72)
2015-08-23 06:24:25 DEBUG - http-outgoing-1 << "ETag: -1144701340[\r][\n]" (Wire.java:72)
2015-08-23 06:24:25 DEBUG - http-outgoing-1 << "Accept-Ranges: none[\r][\n]" (Wire.java:72)
2015-08-23 06:24:25 DEBUG - http-outgoing-1 << "Cache-Control: no-cache[\r][\n]" (Wire.java:72)
2015-08-23 06:24:25 DEBUG - http-outgoing-1 << "Transfer-Encoding: chunked[\r][\n]" (Wire.java:72)
2015-08-23 06:24:25 DEBUG - http-outgoing-1 << "Content-Type: text/csv; charset=ISO-8859-1[\r][\n]" (Wire.java:72)
2015-08-23 06:24:25 DEBUG - http-outgoing-1 << "[\r][\n]" (Wire.java:72)
2015-08-23 06:24:25 DEBUG - http-outgoing-1 << "370[\r][\n]" (Wire.java:72)
2015-08-23 06:24:25 DEBUG - http-outgoing-1 << ""TOA5","46941","CR1000","46941","CR1000.Std.24","CPU:Augustine_v1.CR1","13487","Wx_Min1"[\r][\n]" (Wire.java:72)
2015-08-23 06:24:25 DEBUG - http-outgoing-1 << ""TIMESTAMP","RECORD","Site_Name","Duty_Cycle","Status_Flag","batt_volt","Regulated_voltage","Power","Panel_Temp","Pump_Temp","Inlet_Temp","Soil_Temp","Sample_Pressure","Air_Pressure"[\r][\n]" (Wire.java:72)
2015-08-23 06:24:25 DEBUG - http-outgoing-1 << ""TS","RN","","","","volts","volts","watts","deg_C","deg C","deg C","deg_C","hPa","hPa"[\r][\n]" (Wire.java:72)
2015-08-23 06:24:25 DEBUG - http-outgoing-1 << ""","","Smp","Smp","Smp","Avg","Avg","Avg","Avg","Avg","Avg","Avg","Avg","Avg"[\r][\n]" (Wire.java:72)
2015-08-23 06:24:25 DEBUG - http-outgoing-1 << ""2015-08-24 02:21:00",104770,"AUGUSTINE",22,-2,13.79,13.28,1.067,13.39,8.49,6.352,27.73832,863.611,859.2262[\r][\n]" (Wire.java:72)
2015-08-23 06:24:25 DEBUG - http-outgoing-1 << ""2015-08-24 02:22:00",104771,"AUGUSTINE",22,-2,13.79,13.28,1.059,13.4,6.853,6.358,27.71089,863.6502,859.2214[\r][\n]" (Wire.java:72)
2015-08-23 06:24:25 DEBUG - http-outgoing-1 << ""2015-08-24 02:23:00",104772,"AUGUSTINE",22,-2,13.79,13.28,1.074,13.41,9.08,6.376,27.72052,863.7041,859.2606[\r][\n]" (Wire.java:72)
2015-08-23 06:24:25 DEBUG - http-outgoing-1 << ""2015-08-24 02:24:00",104773,"AUGUSTINE",22,-2,13.79,13.28,1.072,13.42,7.53900,6.383,27.7319,863.655,859.241[\r][\n]" (Wire.java:72)
2015-08-23 06:24:25 DEBUG - http-outgoing-1 << "[\r][\n]" (Wire.java:72)
2015-08-23 06:24:25 DEBUG - http-outgoing-1 << "0[\r][\n]" (Wire.java:72)
2015-08-23 06:24:25 DEBUG - http-outgoing-1 << "[\r][\n]" (Wire.java:72)
2015-08-23 06:24:25 DEBUG - http-outgoing-1 << HTTP/1.1 200 OK (LoggingManagedHttpClientConnection.java:113)
2015-08-23 06:24:25 DEBUG - http-outgoing-1 << Server: CR1000.Std.24 (LoggingManagedHttpClientConnection.java:116)
2015-08-23 06:24:25 DEBUG - http-outgoing-1 << Date: Mon, 24 Aug 2015 02:24:28 (LoggingManagedHttpClientConnection.java:116)
2015-08-23 06:24:25 DEBUG - http-outgoing-1 << Last-Modified: Mon, 24 Aug 2015 02:24:28 (LoggingManagedHttpClientConnection.java:116)
2015-08-23 06:24:25 DEBUG - http-outgoing-1 << ETag: -1144701340 (LoggingManagedHttpClientConnection.java:116)
2015-08-23 06:24:25 DEBUG - http-outgoing-1 << Accept-Ranges: none (LoggingManagedHttpClientConnection.java:116)
2015-08-23 06:24:25 DEBUG - http-outgoing-1 << Cache-Control: no-cache (LoggingManagedHttpClientConnection.java:116)
2015-08-23 06:24:25 DEBUG - http-outgoing-1 << Transfer-Encoding: chunked (LoggingManagedHttpClientConnection.java:116)
2015-08-23 06:24:25 DEBUG - http-outgoing-1 << Content-Type: text/csv; charset=ISO-8859-1 (LoggingManagedHttpClientConnection.java:116)
2015-08-23 06:24:25 DEBUG - Connection can be kept alive indefinitely (MainClientExec.java:284)
2015-08-23 06:24:25 DEBUG - Connection [id: 1][route: {}->http://127.0.0.1:8081] can be kept alive indefinitely (PoolingHttpClientConnectionManager.java:314)
2015-08-23 06:24:25 DEBUG - Connection released: [id: 1][route: {}->http://127.0.0.1:8081][total kept alive: 1; route allocated: 1 of 2; total allocated: 1 of 20] (PoolingHttpClientConnectionManager.java:320)
2015-08-23 06:24:25 DEBUG - Connection manager is shutting down (PoolingHttpClientConnectionManager.java:388)
2015-08-23 06:24:25 DEBUG - http-outgoing-1: Close connection (LoggingManagedHttpClientConnection.java:79)
2015-08-23 06:24:25 DEBUG - http-outgoing-1: Close connection (LoggingManagedHttpClientConnection.java:79)
2015-08-23 06:24:25 DEBUG - Connection manager shut down (PoolingHttpClientConnectionManager.java:394)
2015-08-23 06:24:25 DEBUG - line: [2015-08-24 02:21:00, 104770, AUGUSTINE, 22, -2, 13.79, 13.28, 1.067, 13.39, 8.49, 6.352, 27.73832, 863.611, 859.2262] (FileDataWriter.java:41)
2015-08-23 06:24:25 DEBUG - line: [2015-08-24 02:22:00, 104771, AUGUSTINE, 22, -2, 13.79, 13.28, 1.059, 13.4, 6.853, 6.358, 27.71089, 863.6502, 859.2214] (FileDataWriter.java:41)
2015-08-23 06:24:25 DEBUG - line: [2015-08-24 02:23:00, 104772, AUGUSTINE, 22, -2, 13.79, 13.28, 1.074, 13.41, 9.08, 6.376, 27.72052, 863.7041, 859.2606] (FileDataWriter.java:41)
2015-08-23 06:24:25 DEBUG - line: [2015-08-24 02:24:00, 104773, AUGUSTINE, 22, -2, 13.79, 13.28, 1.072, 13.42, 7.53900, 6.383, 27.7319, 863.655, 859.241] (FileDataWriter.java:41)
2015-08-23 06:24:29  INFO - Launching Logger2csv (Version: 0.0.1-SNAPSHOT Built: 2015-08-22T00:03:22Z) (Logger2csv.java:52)
2015-08-23 06:24:29 DEBUG - creating logger AUSS (DataLogger.java:61)
2015-08-23 06:24:29 ERROR - No tables found for KABU (Logger2csv.java:68)
2015-08-23 06:24:29 ERROR - No tables found for Cleveland (Logger2csv.java:68)
2015-08-23 06:24:29 ERROR - No tables found for Bad (Logger2csv.java:68)
2015-08-23 06:24:29 DEBUG - Polling AUSS.ChemData_Sec2 (Logger2csv.java:94)
2015-08-23 06:24:29 DEBUG - Finding last record for AUSS (FileDataReader.java:28)
2015-08-23 06:24:29 DEBUG - looking for data/AUSS/2015/08/AUSS-ChemData_Sec2-20150824.csv (FileDataReader.java:36)
2015-08-23 06:24:29 DEBUG - data/AUSS/2015/08/AUSS-ChemData_Sec2-20150824.csv (No such file or directory) (FileDataReader.java:50)
2015-08-23 06:24:29 DEBUG - looking for data/AUSS/2015/08/AUSS-ChemData_Sec2-20150823.csv (FileDataReader.java:36)
2015-08-23 06:24:29 DEBUG - found record 173403. (FileDataReader.java:60)
2015-08-23 06:24:30 DEBUG - CookieSpec selected: default (RequestAddCookies.java:122)
2015-08-23 06:24:30 DEBUG - Auth cache not set in the context (RequestAuthCache.java:76)
2015-08-23 06:24:30 DEBUG - Connection request: [route: {}->http://127.0.0.1:8081][total kept alive: 0; route allocated: 0 of 2; total allocated: 0 of 20] (PoolingHttpClientConnectionManager.java:249)
2015-08-23 06:24:30 DEBUG - Connection leased: [id: 0][route: {}->http://127.0.0.1:8081][total kept alive: 0; route allocated: 1 of 2; total allocated: 1 of 20] (PoolingHttpClientConnectionManager.java:282)
2015-08-23 06:24:30 DEBUG - Opening connection {}->http://127.0.0.1:8081 (MainClientExec.java:234)
2015-08-23 06:24:30 DEBUG - Connecting to /127.0.0.1:8081 (DefaultHttpClientConnectionOperator.java:131)
2015-08-23 06:24:30 DEBUG - Connection established 127.0.0.1:50731<->127.0.0.1:8081 (DefaultHttpClientConnectionOperator.java:138)
2015-08-23 06:24:30 DEBUG - Executing request GET /?command=DataQuery&uri=dl:ChemData_Sec2&mode=since-record&format=TOA5&p1=173403 HTTP/1.1 (MainClientExec.java:255)
2015-08-23 06:24:30 DEBUG - Target auth state: UNCHALLENGED (MainClientExec.java:260)
2015-08-23 06:24:30 DEBUG - Proxy auth state: UNCHALLENGED (MainClientExec.java:266)
2015-08-23 06:24:30 DEBUG - http-outgoing-0 >> GET /?command=DataQuery&uri=dl:ChemData_Sec2&mode=since-record&format=TOA5&p1=173403 HTTP/1.1 (LoggingManagedHttpClientConnection.java:124)
2015-08-23 06:24:30 DEBUG - http-outgoing-0 >> Host: 127.0.0.1:8081 (LoggingManagedHttpClientConnection.java:127)
2015-08-23 06:24:30 DEBUG - http-outgoing-0 >> Connection: Keep-Alive (LoggingManagedHttpClientConnection.java:127)
2015-08-23 06:24:30 DEBUG - http-outgoing-0 >> User-Agent: Apache-HttpClient/4.5 (Java/1.8.0_51) (LoggingManagedHttpClientConnection.java:127)
2015-08-23 06:24:30 DEBUG - http-outgoing-0 >> Accept-Encoding: gzip,deflate (LoggingManagedHttpClientConnection.java:127)
2015-08-23 06:24:30 DEBUG - http-outgoing-0 >> "GET /?command=DataQuery&uri=dl:ChemData_Sec2&mode=since-record&format=TOA5&p1=173403 HTTP/1.1[\r][\n]" (Wire.java:72)
2015-08-23 06:24:30 DEBUG - http-outgoing-0 >> "Host: 127.0.0.1:8081[\r][\n]" (Wire.java:72)
2015-08-23 06:24:30 DEBUG - http-outgoing-0 >> "Connection: Keep-Alive[\r][\n]" (Wire.java:72)
2015-08-23 06:24:30 DEBUG - http-outgoing-0 >> "User-Agent: Apache-HttpClient/4.5 (Java/1.8.0_51)[\r][\n]" (Wire.java:72)
2015-08-23 06:24:30 DEBUG - http-outgoing-0 >> "Accept-Encoding: gzip,deflate[\r][\n]" (Wire.java:72)
2015-08-23 06:24:30 DEBUG - http-outgoing-0 >> "[\r][\n]" (Wire.java:72)
2015-08-23 06:24:31 DEBUG - http-outgoing-0 << "HTTP/1.1 200 OK[\r][\n]" (Wire.java:72)
2015-08-23 06:24:31 DEBUG - http-outgoing-0 << "Server: CR1000.Std.24[\r][\n]" (Wire.java:72)
2015-08-23 06:24:31 DEBUG - http-outgoing-0 << "Date: Mon, 24 Aug 2015 02:24:34[\r][\n]" (Wire.java:72)
2015-08-23 06:24:31 DEBUG - http-outgoing-0 << "Last-Modified: Mon, 24 Aug 2015 02:24:34[\r][\n]" (Wire.java:72)
2015-08-23 06:24:31 DEBUG - http-outgoing-0 << "ETag: -1144700738[\r][\n]" (Wire.java:72)
2015-08-23 06:24:31 DEBUG - http-outgoing-0 << "Accept-Ranges: none[\r][\n]" (Wire.java:72)
2015-08-23 06:24:31 DEBUG - http-outgoing-0 << "Cache-Control: no-cache[\r][\n]" (Wire.java:72)
2015-08-23 06:24:31 DEBUG - http-outgoing-0 << "Transfer-Encoding: chunked[\r][\n]" (Wire.java:72)
2015-08-23 06:24:31 DEBUG - http-outgoing-0 << "Content-Type: text/csv; charset=ISO-8859-1[\r][\n]" (Wire.java:72)
2015-08-23 06:24:31 DEBUG - http-outgoing-0 << "[\r][\n]" (Wire.java:72)
2015-08-23 06:24:31 DEBUG - http-outgoing-0 << "4a7[\r][\n]" (Wire.java:72)
2015-08-23 06:24:31 DEBUG - http-outgoing-0 << ""TOA5","46941","CR1000","46941","CR1000.Std.24","CPU:Augustine_v1.CR1","13487","ChemData_Sec2"[\r][\n]" (Wire.java:72)
2015-08-23 06:24:31 DEBUG - http-outgoing-0 << ""TIMESTAMP","RECORD","Site_Name","Duty_Cycle","Status_Flag","batt_volt","Regulated_voltage","Power","Panel_Temp","Pump_Temp","Inlet_Temp","Soil_Temp","Sample_Pressure","Air_Pressure","Sample_Flow","CO2","CO2_lowpass","SO2","H2S","SO2_raw","H2S_raw","CO2/SO2_ratio_1min","CO2/SO2_intercept_1min","CO2/SO2_r2_1min","CO2/SO2_5min_avg","CO2/H2S_ratio_1min","CO2/H2S_intercept_1min","CO2/H2S_r2_1min","CO2/H2S_5min_avg","CO2/S_total_ratio","CO2/S_total_intercept","CO2/S_total_r2","CO2/S_tot_3min_median","H2S/SO2_ratio","H2S/SO2_intercept","H2S/SO2_r2","H2S/SO2_3min_median","SO2/S_total","H2S/S_total","CO2_span","CO2_offset","SO2_span","SO2_offset","H2S_span","H2S_offset"[\r][\n]" (Wire.java:72)
2015-08-23 06:24:31 DEBUG - http-outgoing-0 << ""TS","RN","","","","volts","volts","watts","deg_C","deg C","deg C","deg_C","hPa","hPa","slpm","ppmv","ppmv","ppmv","ppmv","","","","","","","","","","","","","","","","","","","%","%","","","","","",""[\r][\n]" (Wire.java:72)
2015-08-23 06:24:31 DEBUG - http-outgoing-0 << ""","","Smp","Smp","Smp","Smp","Smp","Smp","Smp","Smp","Smp","Smp","Smp","Smp","Smp","Smp","Smp","Smp","Smp","Smp","Smp","Smp","Smp","Smp","Smp","Smp","Smp","Smp","Smp","Smp","Smp","Smp","Med","Smp","Smp","Smp","Med","Smp[\r][\n]" (Wire.java:72)
2015-08-23 06:24:31 DEBUG - http-outgoing-0 << HTTP/1.1 200 OK (LoggingManagedHttpClientConnection.java:113)
2015-08-23 06:24:31 DEBUG - http-outgoing-0 << Server: CR1000.Std.24 (LoggingManagedHttpClientConnection.java:116)
2015-08-23 06:24:31 DEBUG - http-outgoing-0 << Date: Mon, 24 Aug 2015 02:24:34 (LoggingManagedHttpClientConnection.java:116)
2015-08-23 06:24:31 DEBUG - http-outgoing-0 << Last-Modified: Mon, 24 Aug 2015 02:24:34 (LoggingManagedHttpClientConnection.java:116)
2015-08-23 06:24:31 DEBUG - http-outgoing-0 << ETag: -1144700738 (LoggingManagedHttpClientConnection.java:116)
2015-08-23 06:24:31 DEBUG - http-outgoing-0 << Accept-Ranges: none (LoggingManagedHttpClientConnection.java:116)
2015-08-23 06:24:31 DEBUG - http-outgoing-0 << Cache-Control: no-cache (LoggingManagedHttpClientConnection.java:116)
2015-08-23 06:24:31 DEBUG - http-outgoing-0 << Transfer-Encoding: chunked (LoggingManagedHttpClientConnection.java:116)
2015-08-23 06:24:31 DEBUG - http-outgoing-0 << Content-Type: text/csv; charset=ISO-8859-1 (LoggingManagedHttpClientConnection.java:116)
2015-08-23 06:24:31 DEBUG - Connection can be kept alive indefinitely (MainClientExec.java:284)
2015-08-23 06:24:31 DEBUG - http-outgoing-0 << "17e[\r][\n]" (Wire.java:72)
2015-08-23 06:24:31 DEBUG - http-outgoing-0 << "","Smp","Smp","Smp","Smp","Smp","Smp","Smp"[\r][\n]" (Wire.java:72)
2015-08-23 06:24:31 DEBUG - http-outgoing-0 << ""2015-08-23 16:04:58",173403,"AUGUSTINE",22,0,12.4,13.15,9.31000,8.83,7.162,1.392,27.77,852.5557,855.5005,1.004233,-1.991669,-1.440513,-0.6466017,-0.1563726,-0.5164223,0.1481552,"NAN","NAN",0.03890756,"NAN","NAN","NAN",0.04640333,"NAN","NAN","NAN",0.005161658,NAN,"NAN","NAN","NAN",NAN,"NAN","NAN",1.021,-9.34,1.001,-0.068,1.131,-0.344[\r][\n]" (Wire.java:72)
2015-08-23 06:24:31 DEBUG - http-outgoing-0 << "[\r][\n]" (Wire.java:72)
2015-08-23 06:24:31 DEBUG - http-outgoing-0 << "0[\r][\n]" (Wire.java:72)
2015-08-23 06:24:31 DEBUG - http-outgoing-0 << "[\r][\n]" (Wire.java:72)
2015-08-23 06:24:31 DEBUG - Connection [id: 0][route: {}->http://127.0.0.1:8081] can be kept alive indefinitely (PoolingHttpClientConnectionManager.java:314)
2015-08-23 06:24:31 DEBUG - Connection released: [id: 0][route: {}->http://127.0.0.1:8081][total kept alive: 1; route allocated: 1 of 2; total allocated: 1 of 20] (PoolingHttpClientConnectionManager.java:320)
2015-08-23 06:24:31 DEBUG - Connection manager is shutting down (PoolingHttpClientConnectionManager.java:388)
2015-08-23 06:24:31 DEBUG - http-outgoing-0: Close connection (LoggingManagedHttpClientConnection.java:79)
2015-08-23 06:24:31 DEBUG - http-outgoing-0: Close connection (LoggingManagedHttpClientConnection.java:79)
2015-08-23 06:24:31 DEBUG - Connection manager shut down (PoolingHttpClientConnectionManager.java:394)
2015-08-23 06:24:31 DEBUG - line: [2015-08-23 16:04:58, 173403, AUGUSTINE, 22, 0, 12.4, 13.15, 9.31000, 8.83, 7.162, 1.392, 27.77, 852.5557, 855.5005, 1.004233, -1.991669, -1.440513, -0.6466017, -0.1563726, -0.5164223, 0.1481552, NAN, NAN, 0.03890756, NAN, NAN, NAN, 0.04640333, NAN, NAN, NAN, 0.005161658, NAN, NAN, NAN, NAN, NAN, NAN, NAN, 1.021, -9.34, 1.001, -0.068, 1.131, -0.344] (FileDataWriter.java:41)
2015-08-23 06:24:31 DEBUG - Polling AUSS.Wx_Min1 (Logger2csv.java:94)
2015-08-23 06:24:31 DEBUG - Finding last record for AUSS (FileDataReader.java:28)
2015-08-23 06:24:31 DEBUG - looking for data/AUSS/2015/08/AUSS-Wx_Min1-20150824.csv (FileDataReader.java:36)
2015-08-23 06:24:31 DEBUG - found record 104773. (FileDataReader.java:60)
2015-08-23 06:24:31 DEBUG - CookieSpec selected: default (RequestAddCookies.java:122)
2015-08-23 06:24:31 DEBUG - Auth cache not set in the context (RequestAuthCache.java:76)
2015-08-23 06:24:31 DEBUG - Connection request: [route: {}->http://127.0.0.1:8081][total kept alive: 0; route allocated: 0 of 2; total allocated: 0 of 20] (PoolingHttpClientConnectionManager.java:249)
2015-08-23 06:24:31 DEBUG - Connection leased: [id: 1][route: {}->http://127.0.0.1:8081][total kept alive: 0; route allocated: 1 of 2; total allocated: 1 of 20] (PoolingHttpClientConnectionManager.java:282)
2015-08-23 06:24:31 DEBUG - Opening connection {}->http://127.0.0.1:8081 (MainClientExec.java:234)
2015-08-23 06:24:31 DEBUG - Connecting to /127.0.0.1:8081 (DefaultHttpClientConnectionOperator.java:131)
2015-08-23 06:24:31 DEBUG - Connection established 127.0.0.1:50733<->127.0.0.1:8081 (DefaultHttpClientConnectionOperator.java:138)
2015-08-23 06:24:31 DEBUG - Executing request GET /?command=DataQuery&uri=dl:Wx_Min1&mode=since-record&format=TOA5&p1=104773 HTTP/1.1 (MainClientExec.java:255)
2015-08-23 06:24:31 DEBUG - Target auth state: UNCHALLENGED (MainClientExec.java:260)
2015-08-23 06:24:31 DEBUG - Proxy auth state: UNCHALLENGED (MainClientExec.java:266)
2015-08-23 06:24:31 DEBUG - http-outgoing-1 >> GET /?command=DataQuery&uri=dl:Wx_Min1&mode=since-record&format=TOA5&p1=104773 HTTP/1.1 (LoggingManagedHttpClientConnection.java:124)
2015-08-23 06:24:31 DEBUG - http-outgoing-1 >> Host: 127.0.0.1:8081 (LoggingManagedHttpClientConnection.java:127)
2015-08-23 06:24:31 DEBUG - http-outgoing-1 >> Connection: Keep-Alive (LoggingManagedHttpClientConnection.java:127)
2015-08-23 06:24:31 DEBUG - http-outgoing-1 >> User-Agent: Apache-HttpClient/4.5 (Java/1.8.0_51) (LoggingManagedHttpClientConnection.java:127)
2015-08-23 06:24:31 DEBUG - http-outgoing-1 >> Accept-Encoding: gzip,deflate (LoggingManagedHttpClientConnection.java:127)
2015-08-23 06:24:31 DEBUG - http-outgoing-1 >> "GET /?command=DataQuery&uri=dl:Wx_Min1&mode=since-record&format=TOA5&p1=104773 HTTP/1.1[\r][\n]" (Wire.java:72)
2015-08-23 06:24:31 DEBUG - http-outgoing-1 >> "Host: 127.0.0.1:8081[\r][\n]" (Wire.java:72)
2015-08-23 06:24:31 DEBUG - http-outgoing-1 >> "Connection: Keep-Alive[\r][\n]" (Wire.java:72)
2015-08-23 06:24:31 DEBUG - http-outgoing-1 >> "User-Agent: Apache-HttpClient/4.5 (Java/1.8.0_51)[\r][\n]" (Wire.java:72)
2015-08-23 06:24:31 DEBUG - http-outgoing-1 >> "Accept-Encoding: gzip,deflate[\r][\n]" (Wire.java:72)
2015-08-23 06:24:31 DEBUG - http-outgoing-1 >> "[\r][\n]" (Wire.java:72)
2015-08-23 06:24:32 DEBUG - http-outgoing-1 << "HTTP/1.1 200 OK[\r][\n]" (Wire.java:72)
2015-08-23 06:24:32 DEBUG - http-outgoing-1 << "Server: CR1000.Std.24[\r][\n]" (Wire.java:72)
2015-08-23 06:24:32 DEBUG - http-outgoing-1 << "Date: Mon, 24 Aug 2015 02:24:36[\r][\n]" (Wire.java:72)
2015-08-23 06:24:32 DEBUG - http-outgoing-1 << "Last-Modified: Mon, 24 Aug 2015 02:24:36[\r][\n]" (Wire.java:72)
2015-08-23 06:24:32 DEBUG - http-outgoing-1 << "ETag: -1144700606[\r][\n]" (Wire.java:72)
2015-08-23 06:24:32 DEBUG - http-outgoing-1 << "Accept-Ranges: none[\r][\n]" (Wire.java:72)
2015-08-23 06:24:32 DEBUG - http-outgoing-1 << "Cache-Control: no-cache[\r][\n]" (Wire.java:72)
2015-08-23 06:24:32 DEBUG - http-outgoing-1 << "Transfer-Encoding: chunked[\r][\n]" (Wire.java:72)
2015-08-23 06:24:32 DEBUG - http-outgoing-1 << "Content-Type: text/csv; charset=ISO-8859-1[\r][\n]" (Wire.java:72)
2015-08-23 06:24:32 DEBUG - http-outgoing-1 << "[\r][\n]" (Wire.java:72)
2015-08-23 06:24:32 DEBUG - http-outgoing-1 << "227[\r][\n]" (Wire.java:72)
2015-08-23 06:24:32 DEBUG - http-outgoing-1 << ""TOA5","46941","CR1000","46941","CR1000.Std.24","CPU:Augustine_v1.CR1","13487","Wx_Min1"[\r][\n]" (Wire.java:72)
2015-08-23 06:24:32 DEBUG - http-outgoing-1 << ""TIMESTAMP","RECORD","Site_Name","Duty_Cycle","Status_Flag","batt_volt","Regulated_voltage","Power","Panel_Temp","Pump_Temp","Inlet_Temp","Soil_Temp","Sample_Pressure","Air_Pressure"[\r][\n]" (Wire.java:72)
2015-08-23 06:24:32 DEBUG - http-outgoing-1 << ""TS","RN","","","","volts","volts","watts","deg_C","deg C","deg C","deg_C","hPa","hPa"[\r][\n]" (Wire.java:72)
2015-08-23 06:24:32 DEBUG - http-outgoing-1 << ""","","Smp","Smp","Smp","Avg","Avg","Avg","Avg","Avg","Avg","Avg","Avg","Avg"[\r][\n]" (Wire.java:72)
2015-08-23 06:24:32 DEBUG - http-outgoing-1 << ""2015-08-24 02:24:00",104773,"AUGUSTINE",22,-2,13.79,13.28,1.072,13.42,7.53900,6.383,27.7319,863.655,859.241[\r][\n]" (Wire.java:72)
2015-08-23 06:24:32 DEBUG - http-outgoing-1 << "[\r][\n]" (Wire.java:72)
2015-08-23 06:24:32 DEBUG - http-outgoing-1 << "0[\r][\n]" (Wire.java:72)
2015-08-23 06:24:32 DEBUG - http-outgoing-1 << "[\r][\n]" (Wire.java:72)
2015-08-23 06:24:32 DEBUG - http-outgoing-1 << HTTP/1.1 200 OK (LoggingManagedHttpClientConnection.java:113)
2015-08-23 06:24:32 DEBUG - http-outgoing-1 << Server: CR1000.Std.24 (LoggingManagedHttpClientConnection.java:116)
2015-08-23 06:24:32 DEBUG - http-outgoing-1 << Date: Mon, 24 Aug 2015 02:24:36 (LoggingManagedHttpClientConnection.java:116)
2015-08-23 06:24:32 DEBUG - http-outgoing-1 << Last-Modified: Mon, 24 Aug 2015 02:24:36 (LoggingManagedHttpClientConnection.java:116)
2015-08-23 06:24:32 DEBUG - http-outgoing-1 << ETag: -1144700606 (LoggingManagedHttpClientConnection.java:116)
2015-08-23 06:24:32 DEBUG - http-outgoing-1 << Accept-Ranges: none (LoggingManagedHttpClientConnection.java:116)
2015-08-23 06:24:32 DEBUG - http-outgoing-1 << Cache-Control: no-cache (LoggingManagedHttpClientConnection.java:116)
2015-08-23 06:24:32 DEBUG - http-outgoing-1 << Transfer-Encoding: chunked (LoggingManagedHttpClientConnection.java:116)
2015-08-23 06:24:32 DEBUG - http-outgoing-1 << Content-Type: text/csv; charset=ISO-8859-1 (LoggingManagedHttpClientConnection.java:116)
2015-08-23 06:24:32 DEBUG - Connection can be kept alive indefinitely (MainClientExec.java:284)
2015-08-23 06:24:32 DEBUG - Connection [id: 1][route: {}->http://127.0.0.1:8081] can be kept alive indefinitely (PoolingHttpClientConnectionManager.java:314)
2015-08-23 06:24:32 DEBUG - Connection released: [id: 1][route: {}->http://127.0.0.1:8081][total kept alive: 1; route allocated: 1 of 2; total allocated: 1 of 20] (PoolingHttpClientConnectionManager.java:320)
2015-08-23 06:24:32 DEBUG - Connection manager is shutting down (PoolingHttpClientConnectionManager.java:388)
2015-08-23 06:24:32 DEBUG - http-outgoing-1: Close connection (LoggingManagedHttpClientConnection.java:79)
2015-08-23 06:24:32 DEBUG - http-outgoing-1: Close connection (LoggingManagedHttpClientConnection.java:79)
2015-08-23 06:24:32 DEBUG - Connection manager shut down (PoolingHttpClientConnectionManager.java:394)
2015-08-23 06:24:32 DEBUG - line: [2015-08-24 02:24:00, 104773, AUGUSTINE, 22, -2, 13.79, 13.28, 1.072, 13.42, 7.53900, 6.383, 27.7319, 863.655, 859.241] (FileDataWriter.java:41)
